<?xml version="1.0" encoding="UTF-8"?>
<testsuite name="com.dooho.board.BoardApplicationTests" tests="1" skipped="0" failures="0" errors="0" timestamp="2023-11-07T08:40:28" hostname="oduhoui-MacBookAir.local" time="0.282">
  <properties/>
  <testcase name="contextLoads()" classname="com.dooho.board.BoardApplicationTests" time="0.282"/>
  <system-out><![CDATA[17:40:25.757 [Test worker] INFO org.springframework.test.context.support.AnnotationConfigContextLoaderUtils -- Could not detect default configuration classes for test class [com.dooho.board.BoardApplicationTests]: BoardApplicationTests does not declare any static, non-private, non-final, nested classes annotated with @Configuration.
17:40:25.802 [Test worker] INFO org.springframework.boot.test.context.SpringBootTestContextBootstrapper -- Found @SpringBootConfiguration com.dooho.board.BoardApplication for test class com.dooho.board.BoardApplicationTests

  .   ____          _            __ _ _
 /\\ / ___'_ __ _ _(_)_ __  __ _ \ \ \ \
( ( )\___ | '_ | '_| | '_ \/ _` | \ \ \ \
 \\/  ___)| |_)| | | | | || (_| |  ) ) ) )
  '  |____| .__|_| |_|_| |_\__, | / / / /
 =========|_|==============|___/=/_/_/_/
 :: Spring Boot ::                (v3.1.1)

2023-11-07T17:40:25.949+09:00  INFO 25169 --- [    Test worker] com.dooho.board.BoardApplicationTests    : Starting BoardApplicationTests using Java 17.0.5 with PID 25169 (started by oduho in /Users/oduho/Desktop/spring/board_spring)
2023-11-07T17:40:25.950+09:00  INFO 25169 --- [    Test worker] com.dooho.board.BoardApplicationTests    : No active profile set, falling back to 1 default profile: "default"
2023-11-07T17:40:26.390+09:00  INFO 25169 --- [    Test worker] .s.d.r.c.RepositoryConfigurationDelegate : Bootstrapping Spring Data JPA repositories in DEFAULT mode.
2023-11-07T17:40:26.419+09:00  INFO 25169 --- [    Test worker] .s.d.r.c.RepositoryConfigurationDelegate : Finished Spring Data repository scanning in 26 ms. Found 5 JPA repository interfaces.
2023-11-07T17:40:26.610+09:00  INFO 25169 --- [    Test worker] com.zaxxer.hikari.HikariDataSource       : HikariPool-1 - Starting...
2023-11-07T17:40:26.768+09:00  INFO 25169 --- [    Test worker] com.zaxxer.hikari.pool.HikariPool        : HikariPool-1 - Added connection org.mariadb.jdbc.Connection@64fdcf99
2023-11-07T17:40:26.769+09:00  INFO 25169 --- [    Test worker] com.zaxxer.hikari.HikariDataSource       : HikariPool-1 - Start completed.
2023-11-07T17:40:26.787+09:00  INFO 25169 --- [    Test worker] o.hibernate.jpa.internal.util.LogHelper  : HHH000204: Processing PersistenceUnitInfo [name: default]
2023-11-07T17:40:26.806+09:00  INFO 25169 --- [    Test worker] org.hibernate.Version                    : HHH000412: Hibernate ORM core version 6.2.5.Final
2023-11-07T17:40:26.807+09:00  INFO 25169 --- [    Test worker] org.hibernate.cfg.Environment            : HHH000406: Using bytecode reflection optimizer
2023-11-07T17:40:26.864+09:00  INFO 25169 --- [    Test worker] o.h.b.i.BytecodeProviderInitiator        : HHH000021: Bytecode provider name : bytebuddy
2023-11-07T17:40:26.915+09:00  INFO 25169 --- [    Test worker] o.s.o.j.p.SpringPersistenceUnitInfo      : No LoadTimeWeaver setup: ignoring JPA class transformer
2023-11-07T17:40:27.054+09:00  INFO 25169 --- [    Test worker] o.h.b.i.BytecodeProviderInitiator        : HHH000021: Bytecode provider name : bytebuddy
2023-11-07T17:40:27.301+09:00  INFO 25169 --- [    Test worker] o.h.e.t.j.p.i.JtaPlatformInitiator       : HHH000490: Using JtaPlatform implementation: [org.hibernate.engine.transaction.jta.platform.internal.NoJtaPlatform]
2023-11-07T17:40:27.303+09:00  INFO 25169 --- [    Test worker] j.LocalContainerEntityManagerFactoryBean : Initialized JPA EntityManagerFactory for persistence unit 'default'
2023-11-07T17:40:27.943+09:00  WARN 25169 --- [    Test worker] JpaBaseConfiguration$JpaWebConfiguration : spring.jpa.open-in-view is enabled by default. Therefore, database queries may be performed during view rendering. Explicitly configure spring.jpa.open-in-view to disable this warning
2023-11-07T17:40:28.065+09:00  INFO 25169 --- [    Test worker] o.s.s.web.DefaultSecurityFilterChain     : Will secure any request with [org.springframework.security.web.session.DisableEncodeUrlFilter@7ed0e5db, org.springframework.security.web.context.request.async.WebAsyncManagerIntegrationFilter@38bce2ed, org.springframework.security.web.context.SecurityContextHolderFilter@38950138, org.springframework.security.web.header.HeaderWriterFilter@38f704f4, org.springframework.web.filter.CorsFilter@5c91b751, org.springframework.security.web.authentication.logout.LogoutFilter@7882379b, com.dooho.board.filter.JwtAuthenticationFilter@1631dbbc, org.springframework.security.web.savedrequest.RequestCacheAwareFilter@4104b6a6, org.springframework.security.web.servletapi.SecurityContextHolderAwareRequestFilter@ab5d5c8, org.springframework.security.web.authentication.AnonymousAuthenticationFilter@38fc2c39, org.springframework.security.web.session.SessionManagementFilter@578cd644, org.springframework.security.web.access.ExceptionTranslationFilter@698e2cba, org.springframework.security.web.access.intercept.AuthorizationFilter@24bc52ce]
2023-11-07T17:40:28.183+09:00  INFO 25169 --- [    Test worker] com.dooho.board.BoardApplicationTests    : Started BoardApplicationTests in 2.323 seconds (process running for 2.865)
]]></system-out>
  <system-err><![CDATA[]]></system-err>
</testsuite>
